Backup Log File Open Time:2012.5.18 20:36:54
RunTable cursor Opened. Backup begin.
DB Dump Finished.
RunTable cursor closed.
DB Statistic Log:
--------------Level--------------
NhoxYeuNhac	200	0
adasdasd	1	1
	0	1
	0	1
	0	1
	0	1
	0	1
	0	1
	0	1
	0	1
--------------Money--------------
NhoxYeuNhac	97085075	1
	0	1
	0	1
	0	1
	0	1
	0	1
	0	1
	0	1
	0	1
	0	1
--------------Killer--------------
	0	1
	0	1
	0	1
	0	1
	0	1
	0	1
	0	1
	0	1
	0	1
	0	1
--------------Sect 0 Level--------------
NhoxYeuNhac	200	0
adasdasd	1	1
	0	1
	0	1
	0	1
	0	1
	0	1
	0	1
	0	1
	0	1
-------------Sect 0 Money---------------
NhoxYeuNhac	97085075	1
	0	1
	0	1
	0	1
	0	1
	0	1
	0	1
	0	1
	0	1
	0	1
--------------Sect 1 Level--------------
	0	1
	0	1
	0	1
	0	1
	0	1
	0	1
	0	1
	0	1
	0	1
	0	1
-------------Sect 1 Money---------------
	0	1
	0	1
	0	1
	0	1
	0	1
	0	1
	0	1
	0	1
	0	1
	0	1
--------------Sect 2 Level--------------
	0	1
	0	1
	0	1
	0	1
	0	1
	0	1
	0	1
	0	1
	0	1
	0	1
-------------Sect 2 Money---------------
	0	1
	0	1
	0	1
	0	1
	0	1
	0	1
	0	1
	0	1
	0	1
	0	1
--------------Sect 3 Level--------------
	0	1
	0	1
	0	1
	0	1
	0	1
	0	1
	0	1
	0	1
	0	1
	0	1
-------------Sect 3 Money---------------
	0	1
	0	1
	0	1
	0	1
	0	1
	0	1
	0	1
	0	1
	0	1
	0	1
--------------Sect 4 Level--------------
	0	1
	0	1
	0	1
	0	1
	0	1
	0	1
	0	1
	0	1
	0	1
	0	1
-------------Sect 4 Money---------------
	0	1
	0	1
	0	1
	0	1
	0	1
	0	1
	0	1
	0	1
	0	1
	0	1
--------------Sect 5 Level--------------
	0	1
	0	1
	0	1
	0	1
	0	1
	0	1
	0	1
	0	1
	0	1
	0	1
-------------Sect 5 Money---------------
	0	1
	0	1
	0	1
	0	1
	0	1
	0	1
	0	1
	0	1
	0	1
	0	1
--------------Sect 6 Level--------------
	0	1
	0	1
	0	1
	0	1
	0	1
	0	1
	0	1
	0	1
	0	1
	0	1
-------------Sect 6 Money---------------
	0	1
	0	1
	0	1
	0	1
	0	1
	0	1
	0	1
	0	1
	0	1
	0	1
--------------Sect 7 Level--------------
	0	1
	0	1
	0	1
	0	1
	0	1
	0	1
	0	1
	0	1
	0	1
	0	1
-------------Sect 7 Money---------------
	0	1
	0	1
	0	1
	0	1
	0	1
	0	1
	0	1
	0	1
	0	1
	0	1
--------------Sect 8 Level--------------
	0	1
	0	1
	0	1
	0	1
	0	1
	0	1
	0	1
	0	1
	0	1
	0	1
-------------Sect 8 Money---------------
	0	1
	0	1
	0	1
	0	1
	0	1
	0	1
	0	1
	0	1
	0	1
	0	1
--------------Sect 9 Level--------------
	0	1
	0	1
	0	1
	0	1
	0	1
	0	1
	0	1
	0	1
	0	1
	0	1
-------------Sect 9 Money---------------
	0	1
	0	1
	0	1
	0	1
	0	1
	0	1
	0	1
	0	1
	0	1
	0	1
--------------Sect 10 Level--------------
	0	1
	0	1
	0	1
	0	1
	0	1
	0	1
	0	1
	0	1
	0	1
	0	1
-------------Sect 10 Money---------------
	0	1
	0	1
	0	1
	0	1
	0	1
	0	1
	0	1
	0	1
	0	1
	0	1
各个门派的玩家数
Sect 0 ：2
Sect 1 ：0
Sect 2 ：0
Sect 3 ：0
Sect 4 ：0
Sect 5 ：0
Sect 6 ：0
Sect 7 ：0
Sect 8 ：0
Sect 9 ：0
Sect 10 ：0
财富排名前 1000 玩家中各门派所占比例数
Sect 0 ：1000
Sect 1 ：0
Sect 2 ：0
Sect 3 ：0
Sect 4 ：0
Sect 5 ：0
Sect 6 ：0
Sect 7 ：0
Sect 8 ：0
Sect 9 ：0
Sect 10 ：0
级别排名前 1000 玩家中各门派所占比例数
Sect 0 ：1000
Sect 1 ：0
Sect 2 ：0
Sect 3 ：0
Sect 4 ：0
Sect 5 ：0
Sect 6 ：0
Sect 7 ：0
Sect 8 ：0
Sect 9 ：0
Sect 10 ：0
